root - INFO - Application started.
root - INFO - Video capture initialized.
root - INFO - Video writer setup complete.
root - INFO - CSV file initialized.
root - INFO - Processing video.
root - INFO - Frame 225: Aruco ID 9 detected with distance 2.183554921050927 and yaw angle 11.667595099331947.
root - INFO - Frame 227: Aruco ID 9 detected with distance 2.1487377215968335 and yaw angle 11.922553826360684.
root - INFO - Frame 228: Aruco ID 8 detected with distance 3.63026975607005 and yaw angle 8.781779037984393.
root - INFO - Frame 229: Aruco ID 9 detected with distance 2.0608698962741694 and yaw angle 12.606852269377669.
root - INFO - Frame 230: Aruco ID 9 detected with distance 1.9298682111390386 and yaw angle 16.350940899058315.
root - INFO - Frame 230: Aruco ID 8 detected with distance 3.434460867178201 and yaw angle 12.597008548155543.
root - INFO - Frame 231: Aruco ID 9 detected with distance 1.744475622510245 and yaw angle 15.917973188723693.
root - INFO - Frame 232: Aruco ID 9 detected with distance 1.7335427770096477 and yaw angle 16.50895623957217.
root - INFO - Frame 232: Aruco ID 8 detected with distance 3.0737090553675714 and yaw angle 11.86509418644556.
root - INFO - Frame 233: Aruco ID 9 detected with distance 1.7559690106131387 and yaw angle 16.696693266201777.
root - INFO - Frame 234: Aruco ID 9 detected with distance 1.7303830540338574 and yaw angle 17.143896947960144.
root - INFO - Frame 235: Aruco ID 9 detected with distance 1.689960097552008 and yaw angle 18.047613253467546.
root - INFO - Frame 236: Aruco ID 9 detected with distance 1.692575382432248 and yaw angle 18.50374802881788.
root - INFO - Frame 237: Aruco ID 9 detected with distance 1.684638360478647 and yaw angle 18.632798687240978.
root - INFO - Frame 238: Aruco ID 9 detected with distance 1.6375375876315343 and yaw angle 18.605160901423545.
root - INFO - Frame 239: Aruco ID 9 detected with distance 1.6525275623350126 and yaw angle 18.496429826634056.
root - INFO - Frame 239: Aruco ID 8 detected with distance 2.9966923323338954 and yaw angle 13.566893822897129.
root - INFO - Frame 240: Aruco ID 9 detected with distance 1.5034242114366059 and yaw angle 16.761891852185215.
root - INFO - Frame 240: Aruco ID 8 detected with distance 3.1716576855670744 and yaw angle 11.315614240233913.
root - INFO - Frame 241: Aruco ID 9 detected with distance 1.2545505154999588 and yaw angle 13.114172824370456.
root - INFO - Frame 241: Aruco ID 8 detected with distance 2.6500326293880856 and yaw angle 6.771108261037625.
root - INFO - Frame 242: Aruco ID 9 detected with distance 1.2241186324076243 and yaw angle 13.681111440845939.
root - INFO - Frame 243: Aruco ID 9 detected with distance 1.242351632781672 and yaw angle 14.49968271151269.
root - INFO - Frame 244: Aruco ID 9 detected with distance 1.1911968877604564 and yaw angle 14.713343585613103.
root - INFO - Frame 244: Aruco ID 8 detected with distance 2.7095466883971184 and yaw angle 8.23319598066746.
root - INFO - Frame 245: Aruco ID 9 detected with distance 1.1705869773861388 and yaw angle 14.534110688702299.
root - INFO - Frame 245: Aruco ID 8 detected with distance 2.6723525241396264 and yaw angle 8.06000559740238.
root - INFO - Frame 246: Aruco ID 9 detected with distance 1.1724815341739423 and yaw angle 14.624554551177624.
root - INFO - Frame 246: Aruco ID 8 detected with distance 2.5211600594202532 and yaw angle 8.059141030620935.
root - INFO - Frame 247: Aruco ID 9 detected with distance 1.1314526984229953 and yaw angle 14.679886807679935.
root - INFO - Frame 247: Aruco ID 8 detected with distance 2.6503846346226827 and yaw angle 8.093855802569891.
root - INFO - Frame 248: Aruco ID 9 detected with distance 1.1401983947018821 and yaw angle 14.44492299562819.
root - INFO - Frame 248: Aruco ID 8 detected with distance 2.550483356984454 and yaw angle 7.831850319099971.
root - INFO - Frame 249: Aruco ID 9 detected with distance 1.1228994119758273 and yaw angle 14.02747490427322.
root - INFO - Frame 249: Aruco ID 8 detected with distance 2.501663530164581 and yaw angle 7.39966224660472.
root - INFO - Frame 250: Aruco ID 9 detected with distance 1.00079097558245 and yaw angle 11.613816261954014.
root - INFO - Frame 251: Aruco ID 9 detected with distance 0.9108073766076709 and yaw angle -13.615270265103021.
root - INFO - Frame 251: Aruco ID 8 detected with distance 2.87523610439219 and yaw angle -20.001984975959488.
root - INFO - Frame 252: Aruco ID 2 detected with distance 0.3689179448602614 and yaw angle 6.148466380901056.
root - INFO - Frame 252: Aruco ID 9 detected with distance 0.9194788233701766 and yaw angle -15.89170672018625.
root - INFO - Frame 252: Aruco ID 8 detected with distance 2.3538251711278604 and yaw angle -22.254361598788194.
root - INFO - Frame 253: Aruco ID 2 detected with distance 0.36900738173485514 and yaw angle 6.091731026445984.
root - INFO - Frame 253: Aruco ID 9 detected with distance 0.9133332221796021 and yaw angle -16.05283830567643.
root - INFO - Frame 253: Aruco ID 8 detected with distance 2.4196551441003913 and yaw angle -22.416554032092506.
root - INFO - Frame 254: Aruco ID 2 detected with distance 0.3660718970592017 and yaw angle 6.579146557373775.
root - INFO - Frame 254: Aruco ID 9 detected with distance 0.9271637669095778 and yaw angle -15.721711318407358.
root - INFO - Frame 255: Aruco ID 2 detected with distance 0.40680069611147895 and yaw angle 7.440843917906818.
root - INFO - Frame 255: Aruco ID 9 detected with distance 0.9359563049224454 and yaw angle -15.075347490409058.
root - INFO - Frame 256: Aruco ID 9 detected with distance 0.9168579914958451 and yaw angle -14.181790218587764.
root - INFO - Frame 257: Aruco ID 9 detected with distance 0.9347932566634223 and yaw angle -13.171208510954301.
root - INFO - Frame 258: Aruco ID 9 detected with distance 0.9360413230830033 and yaw angle -12.023750994999943.
root - INFO - Frame 264: Aruco ID 9 detected with distance 0.8879805523632283 and yaw angle 5.6214986907786795.
root - INFO - Frame 265: Aruco ID 9 detected with distance 0.8821361397014603 and yaw angle 6.982644997686833.
root - INFO - Frame 266: Aruco ID 9 detected with distance 0.8753771029086678 and yaw angle 8.323564368146094.
root - INFO - Frame 267: Aruco ID 9 detected with distance 0.8762910372756425 and yaw angle 9.432541877687811.
root - INFO - Frame 268: Aruco ID 9 detected with distance 0.8646118379489598 and yaw angle 10.483014368265543.
root - INFO - Frame 269: Aruco ID 9 detected with distance 0.8508947338860171 and yaw angle 11.208801410450718.
root - INFO - Frame 270: Aruco ID 9 detected with distance 0.8379823149953745 and yaw angle 11.904814642656305.
root - INFO - Frame 271: Aruco ID 9 detected with distance 0.828152681436225 and yaw angle 12.72788148066303.
root - INFO - Frame 272: Aruco ID 9 detected with distance 0.8222841542644447 and yaw angle 13.547437583856237.
root - INFO - Frame 273: Aruco ID 9 detected with distance 0.8111690860310078 and yaw angle 14.33227166908074.
root - INFO - Frame 274: Aruco ID 9 detected with distance 0.8072693880822794 and yaw angle 15.113212612402322.
root - INFO - Frame 275: Aruco ID 9 detected with distance 0.7926783027602676 and yaw angle 15.934278798508615.
root - INFO - Frame 285: Aruco ID 8 detected with distance 1.8414303340212128 and yaw angle 15.771949388564849.
root - INFO - Frame 286: Aruco ID 8 detected with distance 1.7858237588705619 and yaw angle 14.93200806845951.
root - INFO - Frame 287: Aruco ID 8 detected with distance 1.7720949310711167 and yaw angle 14.79750754960611.
root - INFO - Frame 288: Aruco ID 8 detected with distance 1.7615025629802379 and yaw angle 14.559657657724728.
root - INFO - Frame 289: Aruco ID 8 detected with distance 1.8029153876870714 and yaw angle 14.414082913894873.
root - INFO - Frame 290: Aruco ID 8 detected with distance 1.767420123336434 and yaw angle 13.822398090388049.
root - INFO - Frame 291: Aruco ID 8 detected with distance 1.743769772017477 and yaw angle 13.398624322209798.
root - INFO - Frame 292: Aruco ID 8 detected with distance 1.7325789406453698 and yaw angle 13.084201955809391.
root - INFO - Frame 293: Aruco ID 8 detected with distance 1.7445488570044754 and yaw angle 13.041174470681455.
root - INFO - Frame 299: Aruco ID 8 detected with distance 1.3688523561946675 and yaw angle 1.4827245318665803.
root - INFO - Frame 300: Aruco ID 8 detected with distance 1.3267826528101727 and yaw angle 0.9655571838737558.
root - INFO - Frame 301: Aruco ID 8 detected with distance 1.2983509843648395 and yaw angle 0.669689658219994.
root - INFO - Frame 302: Aruco ID 8 detected with distance 1.2915197121575686 and yaw angle 0.9496520981023764.
root - INFO - Frame 303: Aruco ID 8 detected with distance 1.3985395881707021 and yaw angle 0.9575490614963087.
root - INFO - Frame 304: Aruco ID 8 detected with distance 1.1501273778924788 and yaw angle 0.8594487069033221.
root - INFO - Frame 305: Aruco ID 8 detected with distance 0.9568361802780639 and yaw angle 5.520229615832648.
root - INFO - Frame 306: Aruco ID 8 detected with distance 0.9122401541440297 and yaw angle 6.831170105025592.
root - INFO - Frame 307: Aruco ID 8 detected with distance 0.9034054973603467 and yaw angle 7.570556031112261.
root - INFO - Frame 308: Aruco ID 8 detected with distance 0.8862476151879749 and yaw angle 8.569807305927782.
root - INFO - Frame 309: Aruco ID 8 detected with distance 0.8709444463253163 and yaw angle 9.763275852822972.
root - INFO - Frame 310: Aruco ID 8 detected with distance 0.8630939801742944 and yaw angle 11.116455821585049.
root - INFO - Frame 311: Aruco ID 8 detected with distance 0.8454494332774537 and yaw angle 12.844201882424983.
root - INFO - Frame 312: Aruco ID 8 detected with distance 0.8283387144873121 and yaw angle 14.388476956327452.
root - INFO - Frame 313: Aruco ID 8 detected with distance 0.8104695196294188 and yaw angle 15.590758099246244.
root - INFO - Frame 314: Aruco ID 8 detected with distance 0.79661820153497 and yaw angle 16.692889742645235.
root - INFO - Frame 316: Aruco ID 1 detected with distance 2.193256610340193 and yaw angle -20.56833770659958.
root - INFO - Frame 317: Aruco ID 1 detected with distance 2.1711525105221146 and yaw angle -18.731860699719476.
root - INFO - Frame 318: Aruco ID 1 detected with distance 2.0943244343886462 and yaw angle -18.262289727861997.
root - INFO - Frame 319: Aruco ID 1 detected with distance 2.05442730335532 and yaw angle -17.732410908915227.
root - INFO - Frame 320: Aruco ID 1 detected with distance 1.9551283106747115 and yaw angle -17.017003398831633.
root - INFO - Frame 322: Aruco ID 1 detected with distance 2.1069562244389144 and yaw angle -14.864486426656583.
root - INFO - Frame 323: Aruco ID 1 detected with distance 2.073695057387431 and yaw angle -14.442624481075796.
root - INFO - Frame 324: Aruco ID 1 detected with distance 2.056999280749948 and yaw angle -14.022043767336186.
root - INFO - Frame 325: Aruco ID 1 detected with distance 1.901037217733212 and yaw angle -10.074056506730159.
root - INFO - Frame 326: Aruco ID 1 detected with distance 1.608617242093385 and yaw angle -8.629001643363722.
root - INFO - Frame 327: Aruco ID 1 detected with distance 1.6101714188950618 and yaw angle -7.948140328702976.
root - INFO - Frame 328: Aruco ID 1 detected with distance 1.602309457982632 and yaw angle -7.455039035589408.
root - INFO - Frame 329: Aruco ID 1 detected with distance 1.6502643899909535 and yaw angle -6.375536963239341.
root - INFO - Frame 330: Aruco ID 1 detected with distance 1.6014533075056545 and yaw angle -5.593002953320109.
root - INFO - Frame 331: Aruco ID 1 detected with distance 1.626793537278114 and yaw angle -5.58905146130607.
root - INFO - Frame 332: Aruco ID 1 detected with distance 1.5748637568735195 and yaw angle -5.742328007361181.
root - INFO - Frame 333: Aruco ID 1 detected with distance 1.525504711448666 and yaw angle -5.624375096617342.
root - INFO - Frame 334: Aruco ID 1 detected with distance 1.4971121452210812 and yaw angle -5.271154895140398.
root - INFO - Frame 335: Aruco ID 1 detected with distance 1.3828374295504218 and yaw angle -3.7301918196819486.
root - INFO - Frame 336: Aruco ID 1 detected with distance 1.10749400510351 and yaw angle 0.15880017962268766.
root - INFO - Frame 337: Aruco ID 1 detected with distance 1.084231066663391 and yaw angle 1.2779956908456427.
root - INFO - Frame 338: Aruco ID 1 detected with distance 1.0785932032792473 and yaw angle 2.617789192155243.
root - INFO - Frame 339: Aruco ID 1 detected with distance 1.0714669185179853 and yaw angle 3.367685688360922.
root - INFO - Frame 340: Aruco ID 1 detected with distance 1.0563274863737362 and yaw angle 3.2289116317854507.
root - INFO - Frame 341: Aruco ID 1 detected with distance 1.0330504534545204 and yaw angle 2.901337938302248.
root - INFO - Frame 342: Aruco ID 1 detected with distance 1.008285528576369 and yaw angle 2.768582294051072.
root - INFO - Frame 343: Aruco ID 1 detected with distance 0.9838053458745968 and yaw angle 2.8348359205843394.
root - INFO - Frame 344: Aruco ID 1 detected with distance 0.9735564100328595 and yaw angle 3.0356281652512678.
root - INFO - Frame 345: Aruco ID 1 detected with distance 0.868099718493813 and yaw angle 3.914326039977766.
root - INFO - Frame 346: Aruco ID 1 detected with distance 0.6642658109787466 and yaw angle 10.798657417467325.
root - INFO - Frame 347: Aruco ID 1 detected with distance 0.6414070495277504 and yaw angle 13.886779503937333.
root - INFO - Frame 348: Aruco ID 1 detected with distance 0.6288787985269817 and yaw angle 14.358379503997526.
root - INFO - Frame 349: Aruco ID 1 detected with distance 0.6206853062026656 and yaw angle 14.418537897028443.
root - INFO - Frame 350: Aruco ID 1 detected with distance 0.6001989853421763 and yaw angle 14.530888952528016.
root - INFO - Frame 351: Aruco ID 1 detected with distance 0.5941024672854798 and yaw angle 15.089634226226508.
root - INFO - Frame 352: Aruco ID 1 detected with distance 0.5817519023640352 and yaw angle 15.715367414940374.
root - INFO - Frame 353: Aruco ID 1 detected with distance 0.5733855937486123 and yaw angle 16.614482605484852.
root - INFO - Frame 354: Aruco ID 1 detected with distance 0.565058430831282 and yaw angle 17.8790219868159.
root - INFO - Frame 355: Aruco ID 1 detected with distance 0.5529948288979022 and yaw angle 19.123623707807127.
root - INFO - Frame 378: Aruco ID 6 detected with distance 0.983402238231549 and yaw angle 1.0148379377384913.
root - INFO - Frame 379: Aruco ID 6 detected with distance 0.9656533205647085 and yaw angle 3.1037855099566514.
root - INFO - Frame 380: Aruco ID 6 detected with distance 0.9596371392189074 and yaw angle 4.881179870366651.
root - INFO - Frame 381: Aruco ID 6 detected with distance 0.9663118831217566 and yaw angle 6.394515107202579.
root - INFO - Frame 382: Aruco ID 6 detected with distance 0.9698077959328757 and yaw angle 7.6931571080269805.
root - INFO - Frame 383: Aruco ID 6 detected with distance 0.9810181598325781 and yaw angle 8.932259111623836.
root - INFO - Frame 384: Aruco ID 6 detected with distance 0.9541011963937721 and yaw angle 10.037537815283656.
root - INFO - Frame 385: Aruco ID 6 detected with distance 0.9335161710787203 and yaw angle 11.115647254108438.
root - INFO - Frame 386: Aruco ID 6 detected with distance 0.9309720960963017 and yaw angle 12.18815941648765.
root - INFO - Frame 387: Aruco ID 6 detected with distance 0.9430670085540267 and yaw angle 13.160373652672092.
root - INFO - Frame 388: Aruco ID 6 detected with distance 0.9283430375579774 and yaw angle 13.992963978900434.
root - INFO - Frame 389: Aruco ID 6 detected with distance 0.9303666636864028 and yaw angle 14.889044246327984.
root - INFO - Frame 390: Aruco ID 6 detected with distance 0.9196005772376068 and yaw angle 15.767760837740752.
root - INFO - Frame 391: Aruco ID 6 detected with distance 0.9013308752957373 and yaw angle 16.451628027405434.
root - INFO - Frame 392: Aruco ID 6 detected with distance 0.887770004111122 and yaw angle 17.243378159722795.
root - INFO - Frame 393: Aruco ID 6 detected with distance 0.8864966887429666 and yaw angle 17.943432060779116.
root - INFO - Frame 397: Aruco ID 3 detected with distance 4.171567051070367 and yaw angle 10.141959378674528.
root - INFO - Frame 398: Aruco ID 3 detected with distance 4.33746860024519 and yaw angle 10.491577533865893.
root - INFO - Frame 405: Aruco ID 3 detected with distance 4.247539332465195 and yaw angle 14.01147310706014.
root - INFO - Frame 408: Aruco ID 3 detected with distance 4.066395036072832 and yaw angle 14.296526997201994.
root - INFO - Frame 409: Aruco ID 3 detected with distance 4.264340291750827 and yaw angle 14.621594101795893.
root - INFO - Frame 414: Aruco ID 3 detected with distance 4.0322269962963775 and yaw angle 17.20343574469615.
root - INFO - Frame 415: Aruco ID 3 detected with distance 3.9017092892004386 and yaw angle 17.677970754159105.
root - INFO - Frame 416: Aruco ID 3 detected with distance 4.074215654326384 and yaw angle 18.208033790893296.
root - INFO - Frame 417: Aruco ID 3 detected with distance 3.904046240563794 and yaw angle 18.790853182827192.
root - INFO - Frame 421: Aruco ID 3 detected with distance 3.936582489355777 and yaw angle 22.3519988195483.
root - INFO - Frame 475: Aruco ID 3 detected with distance 3.0955929394894675 and yaw angle 22.273996004483536.
root - INFO - Frame 476: Aruco ID 3 detected with distance 3.008620626382863 and yaw angle 21.824289806934758.
root - INFO - Frame 477: Aruco ID 3 detected with distance 3.0521444170294623 and yaw angle 21.398962148475675.
root - INFO - Frame 478: Aruco ID 3 detected with distance 3.036691992947095 and yaw angle 21.04015173426646.
root - INFO - Frame 479: Aruco ID 3 detected with distance 3.0149334198117264 and yaw angle 20.596158207827642.
root - INFO - Frame 480: Aruco ID 3 detected with distance 3.146193334776758 and yaw angle 20.080090151022148.
root - INFO - Frame 485: Aruco ID 3 detected with distance 2.774491750537484 and yaw angle 21.268245759942488.
root - INFO - Frame 486: Aruco ID 3 detected with distance 2.853833778543546 and yaw angle 21.255528584024574.
root - INFO - Frame 487: Aruco ID 3 detected with distance 2.9239460751832342 and yaw angle 21.240744033074208.
root - INFO - Frame 488: Aruco ID 3 detected with distance 2.9209023663862705 and yaw angle 21.185871931201206.
root - INFO - Frame 489: Aruco ID 3 detected with distance 2.8438019723521726 and yaw angle 21.06206165042653.
root - INFO - Frame 490: Aruco ID 3 detected with distance 2.8220200812613347 and yaw angle 20.980857382639215.
root - INFO - Frame 491: Aruco ID 3 detected with distance 2.822565287729711 and yaw angle 21.036430481831616.
root - INFO - Frame 492: Aruco ID 3 detected with distance 2.776350363352041 and yaw angle 21.133309716267945.
root - INFO - Frame 492: Aruco ID 10 detected with distance 4.359861388517052 and yaw angle -25.24716921337972.
root - INFO - Frame 493: Aruco ID 3 detected with distance 2.7742572235721368 and yaw angle 21.0782447384083.
root - INFO - Frame 494: Aruco ID 3 detected with distance 2.7648216206654235 and yaw angle 20.80173906499735.
root - INFO - Frame 495: Aruco ID 3 detected with distance 2.822525863949874 and yaw angle 20.481231550689643.
root - INFO - Frame 496: Aruco ID 3 detected with distance 2.722096736633011 and yaw angle 20.076898690422865.
root - INFO - Frame 497: Aruco ID 3 detected with distance 2.779474846459648 and yaw angle 19.72706412399566.
root - INFO - Frame 498: Aruco ID 3 detected with distance 2.733700966064536 and yaw angle 19.404650123369663.
root - INFO - Frame 499: Aruco ID 3 detected with distance 2.7667537308633845 and yaw angle 19.276680364293554.
root - INFO - Frame 500: Aruco ID 3 detected with distance 2.7283908441681692 and yaw angle 19.234975100442682.
root - INFO - Frame 501: Aruco ID 3 detected with distance 2.6987395179028266 and yaw angle 19.149203617661016.
root - INFO - Frame 502: Aruco ID 3 detected with distance 2.674900778607425 and yaw angle 19.036287142048337.
root - INFO - Frame 503: Aruco ID 3 detected with distance 2.7134308135118603 and yaw angle 18.782402441468008.
root - INFO - Frame 504: Aruco ID 3 detected with distance 2.6126159294979985 and yaw angle 18.428806074158445.
root - INFO - Frame 505: Aruco ID 3 detected with distance 2.638510824366781 and yaw angle 18.114414248874482.
root - INFO - Frame 506: Aruco ID 3 detected with distance 2.789527022670944 and yaw angle 17.656428965306816.
root - INFO - Frame 507: Aruco ID 3 detected with distance 2.7487026630160374 and yaw angle 17.2534469799688.
root - INFO - Frame 508: Aruco ID 3 detected with distance 2.6531076813918757 and yaw angle 16.776746312017394.
root - INFO - Frame 509: Aruco ID 3 detected with distance 2.6447708439541113 and yaw angle 16.39822412341522.
root - INFO - Frame 510: Aruco ID 3 detected with distance 2.5687407413019803 and yaw angle 16.00446488594048.
root - INFO - Frame 511: Aruco ID 3 detected with distance 2.689287631943768 and yaw angle 15.566163614820937.
root - INFO - Frame 512: Aruco ID 3 detected with distance 2.616190337012373 and yaw angle 15.256255410634338.
root - INFO - Frame 513: Aruco ID 3 detected with distance 2.6199329722932214 and yaw angle 15.226769939835862.
root - INFO - Frame 514: Aruco ID 3 detected with distance 2.588031623588547 and yaw angle 15.34317410433249.
root - INFO - Frame 515: Aruco ID 3 detected with distance 2.510609420829765 and yaw angle 15.711557368895.
root - INFO - Frame 516: Aruco ID 3 detected with distance 2.4953501561276954 and yaw angle 16.56941252713969.
root - INFO - Frame 517: Aruco ID 3 detected with distance 2.465050840507514 and yaw angle 17.221138135431573.
root - INFO - Frame 518: Aruco ID 3 detected with distance 2.481709295174982 and yaw angle 17.366054148033953.
root - INFO - Frame 519: Aruco ID 3 detected with distance 2.5324004818618002 and yaw angle 17.322557000787043.
root - INFO - Frame 520: Aruco ID 3 detected with distance 2.5852052397528236 and yaw angle 17.452210708793956.
root - INFO - Frame 521: Aruco ID 3 detected with distance 2.4859291808470556 and yaw angle 17.494429149541162.
root - INFO - Frame 522: Aruco ID 3 detected with distance 2.3930076725159566 and yaw angle 17.497064561029788.
root - INFO - Frame 523: Aruco ID 3 detected with distance 2.4089964511381416 and yaw angle 17.611928757775388.
root - INFO - Frame 524: Aruco ID 3 detected with distance 2.4854529975080966 and yaw angle 17.769850361075612.
root - INFO - Frame 525: Aruco ID 3 detected with distance 2.3758282599251763 and yaw angle 17.85567342555413.
root - INFO - Frame 526: Aruco ID 3 detected with distance 2.3771445052629407 and yaw angle 17.912661359108455.
root - INFO - Frame 527: Aruco ID 3 detected with distance 2.3591046271426106 and yaw angle 18.027198565188144.
root - INFO - Frame 528: Aruco ID 3 detected with distance 2.3730555472061083 and yaw angle 18.02679468726879.
root - INFO - Frame 529: Aruco ID 3 detected with distance 2.4164981037820237 and yaw angle 17.72451253559791.
root - INFO - Frame 530: Aruco ID 3 detected with distance 2.359263048943208 and yaw angle 17.3364551466355.
root - INFO - Frame 531: Aruco ID 3 detected with distance 2.3770258887850257 and yaw angle 17.048385665479657.
root - INFO - Frame 532: Aruco ID 3 detected with distance 2.3181663619946287 and yaw angle 16.740299481454002.
root - INFO - Frame 533: Aruco ID 3 detected with distance 2.235080541587326 and yaw angle 16.7269459016114.
root - INFO - Frame 534: Aruco ID 3 detected with distance 2.3345270159020974 and yaw angle 16.612693645913964.
root - INFO - Frame 535: Aruco ID 3 detected with distance 2.2820670031973718 and yaw angle 16.24841106410682.
root - INFO - Frame 536: Aruco ID 3 detected with distance 2.3233009506933344 and yaw angle 15.591298639911287.
root - INFO - Frame 537: Aruco ID 3 detected with distance 2.2110052697050167 and yaw angle 15.003269007942407.
root - INFO - Frame 538: Aruco ID 3 detected with distance 2.241954049339602 and yaw angle 14.45868143085471.
root - INFO - Frame 539: Aruco ID 3 detected with distance 2.270435295207113 and yaw angle 13.936054439566675.
root - INFO - Frame 540: Aruco ID 3 detected with distance 2.2378645102824217 and yaw angle 13.581239604513343.
root - INFO - Frame 541: Aruco ID 3 detected with distance 2.1713282436539867 and yaw angle 13.370430366115613.
root - INFO - Frame 542: Aruco ID 3 detected with distance 2.2199227472450422 and yaw angle 13.057314194721386.
root - INFO - Frame 543: Aruco ID 3 detected with distance 2.1648103948964406 and yaw angle 12.68309955010389.
root - INFO - Frame 544: Aruco ID 3 detected with distance 2.2186356155152303 and yaw angle 12.113664763203673.
root - INFO - Frame 545: Aruco ID 3 detected with distance 2.2004333253663058 and yaw angle 11.57018155433596.
root - INFO - Frame 546: Aruco ID 3 detected with distance 2.1612146330383504 and yaw angle 11.069582478992146.
root - INFO - Frame 547: Aruco ID 3 detected with distance 2.0442008828244123 and yaw angle 10.661463972553946.
root - INFO - Frame 548: Aruco ID 3 detected with distance 2.1495320920963192 and yaw angle 10.735849650327395.
root - INFO - Frame 549: Aruco ID 3 detected with distance 2.132933732661033 and yaw angle 11.598968731798095.
root - INFO - Frame 550: Aruco ID 3 detected with distance 2.095998614437542 and yaw angle 12.066572971535294.
root - INFO - Frame 551: Aruco ID 3 detected with distance 2.0754674029647875 and yaw angle 12.217106311193618.
root - INFO - Frame 552: Aruco ID 3 detected with distance 2.060182698752959 and yaw angle 12.14335259839396.
root - INFO - Frame 553: Aruco ID 3 detected with distance 2.035646816169427 and yaw angle 12.14700139229592.
root - INFO - Frame 554: Aruco ID 3 detected with distance 2.0118320403074423 and yaw angle 12.10068035875804.
root - INFO - Frame 555: Aruco ID 3 detected with distance 2.0206170523547207 and yaw angle 12.072755204665015.
root - INFO - Frame 556: Aruco ID 3 detected with distance 1.9833322547137828 and yaw angle 12.058237891028796.
root - INFO - Frame 557: Aruco ID 3 detected with distance 1.9814176876181189 and yaw angle 11.877786433468145.
root - INFO - Frame 558: Aruco ID 3 detected with distance 1.9772610159495982 and yaw angle 11.515531460003587.
root - INFO - Frame 559: Aruco ID 3 detected with distance 1.9626037901831221 and yaw angle 10.848521469648091.
root - INFO - Frame 560: Aruco ID 3 detected with distance 1.95646612148693 and yaw angle 10.027031442693726.
root - INFO - Frame 609: Aruco ID 3 detected with distance 1.4310908522507961 and yaw angle 2.0558432572530876.
root - INFO - Frame 610: Aruco ID 3 detected with distance 1.4553386955113963 and yaw angle 3.4731241163606796.
root - INFO - Frame 611: Aruco ID 3 detected with distance 1.4354783166444622 and yaw angle 4.637062557032891.
root - INFO - Frame 612: Aruco ID 3 detected with distance 1.4584613379855738 and yaw angle 5.675659787001649.
root - INFO - Frame 613: Aruco ID 3 detected with distance 1.4384910535352635 and yaw angle 6.930694604295894.
root - INFO - Frame 614: Aruco ID 3 detected with distance 1.3951946553104808 and yaw angle 8.096157194914156.
root - INFO - Frame 615: Aruco ID 3 detected with distance 1.3691275330938275 and yaw angle 9.108049170164946.
root - INFO - Frame 616: Aruco ID 3 detected with distance 1.3732715932632418 and yaw angle 9.962661320943255.
root - INFO - Frame 617: Aruco ID 3 detected with distance 1.3336199493720748 and yaw angle 11.119759310669679.
root - INFO - Frame 618: Aruco ID 3 detected with distance 1.3237448354232586 and yaw angle 12.249790769635439.
root - INFO - Frame 619: Aruco ID 3 detected with distance 1.3073156086264717 and yaw angle 13.4555214192481.
root - INFO - Frame 620: Aruco ID 3 detected with distance 1.276792897529757 and yaw angle 14.662350290959068.
root - INFO - Frame 621: Aruco ID 3 detected with distance 1.2480647211844222 and yaw angle 15.925792566367448.
root - INFO - Frame 622: Aruco ID 3 detected with distance 1.2556221341046134 and yaw angle 17.355375868116994.
root - INFO - Frame 623: Aruco ID 3 detected with distance 1.2399459842438778 and yaw angle 18.886056424163286.
root - INFO - Frame 624: Aruco ID 3 detected with distance 1.2424988652152948 and yaw angle 20.30424409349058.
root - INFO - Frame 625: Aruco ID 3 detected with distance 1.2249772455003358 and yaw angle 21.29132847434414.
root - INFO - Frame 769: Aruco ID 10 detected with distance 1.648594873133476 and yaw angle 7.90763316098014.
root - INFO - Frame 770: Aruco ID 10 detected with distance 1.6886533581319645 and yaw angle 8.811654295224145.
root - INFO - End of video file reached.
root - INFO - CSV file closed.
root - INFO - Resources released.
