root - INFO - Application started.
root - INFO - Paths setup complete.
root - INFO - Video capture initialized.
root - INFO - Video writer setup complete.
root - INFO - CSV file initialized.
root - INFO - Processing video.
root - INFO - Frame 225: Aruco ID 9 detected with distance 2.183554921050927 and yaw angle 0.20363795027289736.
root - INFO - Frame 227: Aruco ID 9 detected with distance 2.1487377215968335 and yaw angle 0.2080878195162422.
root - INFO - Frame 228: Aruco ID 8 detected with distance 3.63026975607005 and yaw angle 0.1532709583954478.
root - INFO - Frame 229: Aruco ID 9 detected with distance 2.0608698962741694 and yaw angle 0.22003108041315922.
root - INFO - Frame 230: Aruco ID 9 detected with distance 1.9298682111390386 and yaw angle 0.2853777544875695.
root - INFO - Frame 230: Aruco ID 8 detected with distance 3.434460867178201 and yaw angle 0.21985927506718475.
root - INFO - Frame 231: Aruco ID 9 detected with distance 1.744475622510245 and yaw angle 0.2778210423874089.
root - INFO - Frame 232: Aruco ID 9 detected with distance 1.7335427770096477 and yaw angle 0.288135642448196.
root - INFO - Frame 232: Aruco ID 8 detected with distance 3.0737090553675714 and yaw angle 0.2070849596127129.
root - INFO - Frame 233: Aruco ID 9 detected with distance 1.7559690106131387 and yaw angle 0.29141227169078704.
root - INFO - Frame 234: Aruco ID 9 detected with distance 1.7303830540338574 and yaw angle 0.29921744836451125.
root - INFO - Frame 235: Aruco ID 9 detected with distance 1.689960097552008 and yaw angle 0.31499027339957464.
root - INFO - Frame 236: Aruco ID 9 detected with distance 1.692575382432248 and yaw angle 0.32295132706228247.
root - INFO - Frame 237: Aruco ID 9 detected with distance 1.684638360478647 and yaw angle 0.32520368595363214.
root - INFO - Frame 238: Aruco ID 9 detected with distance 1.6375375876315343 and yaw angle 0.32472131559315703.
root - INFO - Frame 239: Aruco ID 9 detected with distance 1.6525275623350126 and yaw angle 0.3228236003388481.
root - INFO - Frame 239: Aruco ID 8 detected with distance 2.9966923323338954 and yaw angle 0.23678696647803524.
root - INFO - Frame 240: Aruco ID 9 detected with distance 1.5034242114366059 and yaw angle 0.29255020168384294.
root - INFO - Frame 240: Aruco ID 8 detected with distance 3.1716576855670744 and yaw angle 0.19749472537763843.
root - INFO - Frame 241: Aruco ID 9 detected with distance 1.2545505154999588 and yaw angle 0.2288854944608286.
root - INFO - Frame 241: Aruco ID 8 detected with distance 2.6500326293880856 and yaw angle 0.11817813316409434.
root - INFO - Frame 242: Aruco ID 9 detected with distance 1.2241186324076243 and yaw angle 0.2387804399750271.
root - INFO - Frame 243: Aruco ID 9 detected with distance 1.242351632781672 and yaw angle 0.25306720381039555.
root - INFO - Frame 244: Aruco ID 9 detected with distance 1.1911968877604564 and yaw angle 0.25679628954613704.
root - INFO - Frame 244: Aruco ID 8 detected with distance 2.7095466883971184 and yaw angle 0.14369637782461053.
root - INFO - Frame 245: Aruco ID 9 detected with distance 1.1705869773861388 and yaw angle 0.2536680853671558.
root - INFO - Frame 245: Aruco ID 8 detected with distance 2.6723525241396264 and yaw angle 0.140673635403844.
root - INFO - Frame 246: Aruco ID 9 detected with distance 1.1724815341739423 and yaw angle 0.2552466285555712.
root - INFO - Frame 246: Aruco ID 8 detected with distance 2.5211600594202532 and yaw angle 0.1406585458669046.
root - INFO - Frame 247: Aruco ID 9 detected with distance 1.1314526984229953 and yaw angle 0.2562123586140944.
root - INFO - Frame 247: Aruco ID 8 detected with distance 2.6503846346226827 and yaw angle 0.1412644329364925.
root - INFO - Frame 248: Aruco ID 9 detected with distance 1.1401983947018821 and yaw angle 0.25211146647075444.
root - INFO - Frame 248: Aruco ID 8 detected with distance 2.550483356984454 and yaw angle 0.1366915745916628.
root - INFO - Frame 249: Aruco ID 9 detected with distance 1.1228994119758273 and yaw angle 0.24482562282044404.
root - INFO - Frame 249: Aruco ID 8 detected with distance 2.501663530164581 and yaw angle 0.12914846973877286.
root - INFO - Frame 250: Aruco ID 9 detected with distance 1.00079097558245 and yaw angle 0.20269933249275773.
root - INFO - Frame 251: Aruco ID 9 detected with distance 0.9108073766076709 and yaw angle -0.23763129467492902.
root - INFO - Frame 251: Aruco ID 8 detected with distance 2.87523610439219 and yaw angle -0.34910049476493205.
root - INFO - Frame 252: Aruco ID 2 detected with distance 0.3689179448602614 and yaw angle 0.107310982294903.
root - INFO - Frame 252: Aruco ID 9 detected with distance 0.9194788233701766 and yaw angle -0.2773626060285592.
root - INFO - Frame 252: Aruco ID 8 detected with distance 2.3538251711278604 and yaw angle -0.38841188282824324.
root - INFO - Frame 253: Aruco ID 2 detected with distance 0.36900738173485514 and yaw angle 0.10632076355737642.
root - INFO - Frame 253: Aruco ID 9 detected with distance 0.9133332221796021 and yaw angle -0.2801748827243217.
root - INFO - Frame 253: Aruco ID 8 detected with distance 2.4196551441003913 and yaw angle -0.3912426748112248.
root - INFO - Frame 254: Aruco ID 2 detected with distance 0.3660718970592017 and yaw angle 0.11482776939742234.
root - INFO - Frame 254: Aruco ID 9 detected with distance 0.9271637669095778 and yaw angle -0.27439562655426725.
root - INFO - Frame 255: Aruco ID 2 detected with distance 0.40680069611147895 and yaw angle 0.12986722549446883.
root - INFO - Frame 255: Aruco ID 9 detected with distance 0.9359563049224454 and yaw angle -0.26311444958990243.
root - INFO - Frame 256: Aruco ID 9 detected with distance 0.9168579914958451 and yaw angle -0.24751893314148307.
root - INFO - Frame 257: Aruco ID 9 detected with distance 0.9347932566634223 and yaw angle -0.22988095498285216.
root - INFO - Frame 258: Aruco ID 9 detected with distance 0.9360413230830033 and yaw angle -0.20985404330269317.
root - INFO - Frame 264: Aruco ID 9 detected with distance 0.8879805523632283 and yaw angle 0.09811366105063873.
root - INFO - Frame 265: Aruco ID 9 detected with distance 0.8821361397014603 and yaw angle 0.12187014570754716.
root - INFO - Frame 266: Aruco ID 9 detected with distance 0.8753771029086678 and yaw angle 0.14527360372583076.
root - INFO - Frame 267: Aruco ID 9 detected with distance 0.8762910372756425 and yaw angle 0.16462891259790058.
root - INFO - Frame 268: Aruco ID 9 detected with distance 0.8646118379489598 and yaw angle 0.18296311626010722.
root - INFO - Frame 269: Aruco ID 9 detected with distance 0.8508947338860171 and yaw angle 0.1956304898145495.
root - INFO - Frame 270: Aruco ID 9 detected with distance 0.8379823149953745 and yaw angle 0.20777821235398466.
root - INFO - Frame 271: Aruco ID 9 detected with distance 0.828152681436225 and yaw angle 0.22214343864118072.
root - INFO - Frame 272: Aruco ID 9 detected with distance 0.8222841542644447 and yaw angle 0.23644739104671675.
root - INFO - Frame 273: Aruco ID 9 detected with distance 0.8111690860310078 and yaw angle 0.2501453299157621.
root - INFO - Frame 274: Aruco ID 9 detected with distance 0.8072693880822794 and yaw angle 0.26377532064035414.
root - INFO - Frame 275: Aruco ID 9 detected with distance 0.7926783027602676 and yaw angle 0.2781056289647012.
root - INFO - Frame 285: Aruco ID 8 detected with distance 1.8414303340212128 and yaw angle 0.27527244628836306.
root - INFO - Frame 286: Aruco ID 8 detected with distance 1.7858237588705619 and yaw angle 0.26061270472897724.
root - INFO - Frame 287: Aruco ID 8 detected with distance 1.7720949310711167 and yaw angle 0.25826522782934475.
root - INFO - Frame 288: Aruco ID 8 detected with distance 1.7615025629802379 and yaw angle 0.2541139640905021.
root - INFO - Frame 289: Aruco ID 8 detected with distance 1.8029153876870714 and yaw angle 0.2515732055029237.
root - INFO - Frame 290: Aruco ID 8 detected with distance 1.767420123336434 and yaw angle 0.2412463571986483.
root - INFO - Frame 291: Aruco ID 8 detected with distance 1.743769772017477 and yaw angle 0.2338501096603547.
root - INFO - Frame 292: Aruco ID 8 detected with distance 1.7325789406453698 and yaw angle 0.22836240412475564.
root - INFO - Frame 293: Aruco ID 8 detected with distance 1.7445488570044754 and yaw angle 0.22761143284042004.
root - INFO - Frame 299: Aruco ID 8 detected with distance 1.3688523561946675 and yaw angle 0.02587842498116336.
root - INFO - Frame 300: Aruco ID 8 detected with distance 1.3267826528101727 and yaw angle 0.016852151974881255.
root - INFO - Frame 301: Aruco ID 8 detected with distance 1.2983509843648395 and yaw angle 0.011688289502494453.
root - INFO - Frame 302: Aruco ID 8 detected with distance 1.2915197121575686 and yaw angle 0.016574555860358442.
root - INFO - Frame 303: Aruco ID 8 detected with distance 1.3985395881707021 and yaw angle 0.016712383872492374.
root - INFO - Frame 304: Aruco ID 8 detected with distance 1.1501273778924788 and yaw angle 0.015000209687470626.
root - INFO - Frame 305: Aruco ID 8 detected with distance 0.9568361802780639 and yaw angle 0.09634618226238163.
root - INFO - Frame 306: Aruco ID 8 detected with distance 0.9122401541440297 and yaw angle 0.11922641009650367.
root - INFO - Frame 307: Aruco ID 8 detected with distance 0.9034054973603467 and yaw angle 0.1321311289496233.
root - INFO - Frame 308: Aruco ID 8 detected with distance 0.8862476151879749 and yaw angle 0.14957135374990452.
root - INFO - Frame 309: Aruco ID 8 detected with distance 0.8709444463253163 and yaw angle 0.1704013094122184.
root - INFO - Frame 310: Aruco ID 8 detected with distance 0.8630939801742944 and yaw angle 0.19401875523915035.
root - INFO - Frame 311: Aruco ID 8 detected with distance 0.8454494332774537 and yaw angle 0.22417361263916935.
root - INFO - Frame 312: Aruco ID 8 detected with distance 0.8283387144873121 and yaw angle 0.2511262972352463.
root - INFO - Frame 313: Aruco ID 8 detected with distance 0.8104695196294188 and yaw angle 0.27211006171382.
root - INFO - Frame 314: Aruco ID 8 detected with distance 0.79661820153497 and yaw angle 0.2913458876815484.
root - INFO - Frame 316: Aruco ID 1 detected with distance 2.193256610340193 and yaw angle -0.35898521464226196.
root - INFO - Frame 317: Aruco ID 1 detected with distance 2.1711525105221146 and yaw angle -0.3269326442350338.
root - INFO - Frame 318: Aruco ID 1 detected with distance 2.0943244343886462 and yaw angle -0.31873708470433126.
root - INFO - Frame 319: Aruco ID 1 detected with distance 2.05442730335532 and yaw angle -0.30948895467713083.
root - INFO - Frame 320: Aruco ID 1 detected with distance 1.9551283106747115 and yaw angle -0.29700273813267764.
root - INFO - Frame 322: Aruco ID 1 detected with distance 2.1069562244389144 and yaw angle -0.25943422976316377.
root - INFO - Frame 323: Aruco ID 1 detected with distance 2.073695057387431 and yaw angle -0.2520713498239101.
root - INFO - Frame 324: Aruco ID 1 detected with distance 2.056999280749948 and yaw angle -0.24473083159876594.
root - INFO - Frame 325: Aruco ID 1 detected with distance 1.901037217733212 and yaw angle -0.17582545507439942.
root - INFO - Frame 326: Aruco ID 1 detected with distance 1.608617242093385 and yaw angle -0.15060448983669833.
root - INFO - Frame 327: Aruco ID 1 detected with distance 1.6101714188950618 and yaw angle -0.1387212181464112.
root - INFO - Frame 328: Aruco ID 1 detected with distance 1.602309457982632 and yaw angle -0.1301149770357379.
root - INFO - Frame 329: Aruco ID 1 detected with distance 1.6502643899909535 and yaw angle -0.11127411159112735.
root - INFO - Frame 330: Aruco ID 1 detected with distance 1.6014533075056545 and yaw angle -0.09761631660920277.
root - INFO - Frame 331: Aruco ID 1 detected with distance 1.626793537278114 and yaw angle -0.09754735006319154.
root - INFO - Frame 332: Aruco ID 1 detected with distance 1.5748637568735195 and yaw angle -0.10022253045793775.
root - INFO - Frame 333: Aruco ID 1 detected with distance 1.525504711448666 and yaw angle -0.09816386380314689.
root - INFO - Frame 334: Aruco ID 1 detected with distance 1.4971121452210812 and yaw angle -0.09199900830281656.
root - INFO - Frame 335: Aruco ID 1 detected with distance 1.3828374295504218 and yaw angle -0.06510412898440868.
root - INFO - Frame 336: Aruco ID 1 detected with distance 1.10749400510351 and yaw angle 0.002771585987174244.
root - INFO - Frame 337: Aruco ID 1 detected with distance 1.084231066663391 and yaw angle 0.022305232631556083.
root - INFO - Frame 338: Aruco ID 1 detected with distance 1.0785932032792473 and yaw angle 0.045689040526231496.
root - INFO - Frame 339: Aruco ID 1 detected with distance 1.0714669185179853 and yaw angle 0.058777203434189566.
root - INFO - Frame 340: Aruco ID 1 detected with distance 1.0563274863737362 and yaw angle 0.0563551392305989.
root - INFO - Frame 341: Aruco ID 1 detected with distance 1.0330504534545204 and yaw angle 0.05063789973639851.
root - INFO - Frame 342: Aruco ID 1 detected with distance 1.008285528576369 and yaw angle 0.048320876643609005.
root - INFO - Frame 343: Aruco ID 1 detected with distance 0.9838053458745968 and yaw angle 0.0494772205680014.
root - INFO - Frame 344: Aruco ID 1 detected with distance 0.9735564100328595 and yaw angle 0.052981706349909154.
root - INFO - Frame 345: Aruco ID 1 detected with distance 0.868099718493813 and yaw angle 0.06831787739416341.
root - INFO - Frame 346: Aruco ID 1 detected with distance 0.6642658109787466 and yaw angle 0.18847212672971259.
root - INFO - Frame 347: Aruco ID 1 detected with distance 0.6414070495277504 and yaw angle 0.24237002484217135.
root - INFO - Frame 348: Aruco ID 1 detected with distance 0.6288787985269817 and yaw angle 0.25060099759562693.
root - INFO - Frame 349: Aruco ID 1 detected with distance 0.6206853062026656 and yaw angle 0.2516509596267254.
root - INFO - Frame 350: Aruco ID 1 detected with distance 0.6001989853421763 and yaw angle 0.25361185546328413.
root - INFO - Frame 351: Aruco ID 1 detected with distance 0.5941024672854798 and yaw angle 0.2633638001692794.
root - INFO - Frame 352: Aruco ID 1 detected with distance 0.5817519023640352 and yaw angle 0.27428490455133925.
root - INFO - Frame 353: Aruco ID 1 detected with distance 0.5733855937486123 and yaw angle 0.289977424981037.
root - INFO - Frame 354: Aruco ID 1 detected with distance 0.565058430831282 and yaw angle 0.31204780070639576.
root - INFO - Frame 355: Aruco ID 1 detected with distance 0.5529948288979022 and yaw angle 0.3337701986136803.
root - INFO - Frame 378: Aruco ID 6 detected with distance 0.983402238231549 and yaw angle 0.01771226338768614.
root - INFO - Frame 379: Aruco ID 6 detected with distance 0.9656533205647085 and yaw angle 0.054171276424434756.
root - INFO - Frame 380: Aruco ID 6 detected with distance 0.9596371392189074 and yaw angle 0.08519266011996818.
root - INFO - Frame 381: Aruco ID 6 detected with distance 0.9663118831217566 and yaw angle 0.11160534268920316.
root - INFO - Frame 382: Aruco ID 6 detected with distance 0.9698077959328757 and yaw angle 0.13427092140827587.
root - INFO - Frame 383: Aruco ID 6 detected with distance 0.9810181598325781 and yaw angle 0.15589733113909982.
root - INFO - Frame 384: Aruco ID 6 detected with distance 0.9541011963937721 and yaw angle 0.17518808367013827.
root - INFO - Frame 385: Aruco ID 6 detected with distance 0.9335161710787203 and yaw angle 0.19400464307445905.
root - INFO - Frame 386: Aruco ID 6 detected with distance 0.9309720960963017 and yaw angle 0.21272351157566013.
root - INFO - Frame 387: Aruco ID 6 detected with distance 0.9430670085540267 and yaw angle 0.22969185103184053.
root - INFO - Frame 388: Aruco ID 6 detected with distance 0.9283430375579774 and yaw angle 0.2442232935447789.
root - INFO - Frame 389: Aruco ID 6 detected with distance 0.9303666636864028 and yaw angle 0.2598628445735411.
root - INFO - Frame 390: Aruco ID 6 detected with distance 0.9196005772376068 and yaw angle 0.2751993422855953.
root - INFO - Frame 391: Aruco ID 6 detected with distance 0.9013308752957373 and yaw angle 0.2871350763916048.
root - INFO - Frame 392: Aruco ID 6 detected with distance 0.887770004111122 and yaw angle 0.30095372305364343.
root - INFO - Frame 393: Aruco ID 6 detected with distance 0.8864966887429666 and yaw angle 0.31317196856850693.
root - INFO - Frame 397: Aruco ID 3 detected with distance 4.171567051070367 and yaw angle 0.17701058376138887.
root - INFO - Frame 398: Aruco ID 3 detected with distance 4.33746860024519 and yaw angle 0.18311257169422662.
root - INFO - Frame 405: Aruco ID 3 detected with distance 4.247539332465195 and yaw angle 0.24454633877283963.
root - INFO - Frame 408: Aruco ID 3 detected with distance 4.066395036072832 and yaw angle 0.24952146770143274.
root - INFO - Frame 409: Aruco ID 3 detected with distance 4.264340291750827 and yaw angle 0.25519495896652133.
root - INFO - Frame 414: Aruco ID 3 detected with distance 4.0322269962963775 and yaw angle 0.3002565964002304.
root - INFO - Frame 415: Aruco ID 3 detected with distance 3.9017092892004386 and yaw angle 0.3085387947313412.
root - INFO - Frame 416: Aruco ID 3 detected with distance 4.074215654326384 and yaw angle 0.3177901399654726.
root - INFO - Frame 417: Aruco ID 3 detected with distance 3.904046240563794 and yaw angle 0.3279622572991903.
root - INFO - Frame 421: Aruco ID 3 detected with distance 3.936582489355777 and yaw angle 0.3901159738030035.
root - INFO - Frame 475: Aruco ID 3 detected with distance 3.0955929394894675 and yaw angle 0.3887545678542995.
root - INFO - Frame 476: Aruco ID 3 detected with distance 3.008620626382863 and yaw angle 0.3809057140404492.
root - INFO - Frame 477: Aruco ID 3 detected with distance 3.0521444170294623 and yaw angle 0.37348234600054003.
root - INFO - Frame 478: Aruco ID 3 detected with distance 3.036691992947095 and yaw angle 0.36721992288214483.
root - INFO - Frame 479: Aruco ID 3 detected with distance 3.0149334198117264 and yaw angle 0.35947077398824684.
root - INFO - Frame 480: Aruco ID 3 detected with distance 3.146193334776758 and yaw angle 0.35046368723262183.
root - INFO - Frame 485: Aruco ID 3 detected with distance 2.774491750537484 and yaw angle 0.37120091463431976.
root - INFO - Frame 486: Aruco ID 3 detected with distance 2.853833778543546 and yaw angle 0.3709789580429972.
root - INFO - Frame 487: Aruco ID 3 detected with distance 2.9239460751832342 and yaw angle 0.3707209189504844.
root - INFO - Frame 488: Aruco ID 3 detected with distance 2.9209023663862705 and yaw angle 0.3697632201053106.
root - INFO - Frame 489: Aruco ID 3 detected with distance 2.8438019723521726 and yaw angle 0.36760232305797363.
root - INFO - Frame 490: Aruco ID 3 detected with distance 2.8220200812613347 and yaw angle 0.3661850412184143.
root - INFO - Frame 491: Aruco ID 3 detected with distance 2.822565287729711 and yaw angle 0.3671549747748587.
root - INFO - Frame 492: Aruco ID 3 detected with distance 2.776350363352041 and yaw angle 0.36884583639258406.
root - INFO - Frame 492: Aruco ID 10 detected with distance 4.359861388517052 and yaw angle -0.4406462295816232.
root - INFO - Frame 493: Aruco ID 3 detected with distance 2.7742572235721368 and yaw angle 0.36788477122639585.
root - INFO - Frame 494: Aruco ID 3 detected with distance 2.7648216206654235 and yaw angle 0.3630588368249303.
root - INFO - Frame 495: Aruco ID 3 detected with distance 2.822525863949874 and yaw angle 0.3574649254228782.
root - INFO - Frame 496: Aruco ID 3 detected with distance 2.722096736633011 and yaw angle 0.3504079857372165.
root - INFO - Frame 497: Aruco ID 3 detected with distance 2.779474846459648 and yaw angle 0.34430222071577543.
root - INFO - Frame 498: Aruco ID 3 detected with distance 2.733700966064536 and yaw angle 0.33867503485032446.
root - INFO - Frame 499: Aruco ID 3 detected with distance 2.7667537308633845 and yaw angle 0.3364415412114623.
root - INFO - Frame 500: Aruco ID 3 detected with distance 2.7283908441681692 and yaw angle 0.3357136470418518.
root - INFO - Frame 501: Aruco ID 3 detected with distance 2.6987395179028266 and yaw angle 0.33421665226299396.
root - INFO - Frame 502: Aruco ID 3 detected with distance 2.674900778607425 and yaw angle 0.3322458879838048.
root - INFO - Frame 503: Aruco ID 3 detected with distance 2.7134308135118603 and yaw angle 0.32781476403823845.
root - INFO - Frame 504: Aruco ID 3 detected with distance 2.6126159294979985 and yaw angle 0.32164334320559523.
root - INFO - Frame 505: Aruco ID 3 detected with distance 2.638510824366781 and yaw angle 0.31615617071303537.
root - INFO - Frame 506: Aruco ID 3 detected with distance 2.789527022670944 and yaw angle 0.3081628195890995.
root - INFO - Frame 507: Aruco ID 3 detected with distance 2.7487026630160374 and yaw angle 0.30112945711872785.
root - INFO - Frame 508: Aruco ID 3 detected with distance 2.6531076813918757 and yaw angle 0.2928094609165193.
root - INFO - Frame 509: Aruco ID 3 detected with distance 2.6447708439541113 and yaw angle 0.2862030024335565.
root - INFO - Frame 510: Aruco ID 3 detected with distance 2.5687407413019803 and yaw angle 0.27933060727948017.
root - INFO - Frame 511: Aruco ID 3 detected with distance 2.689287631943768 and yaw angle 0.27168080698276775.
root - INFO - Frame 512: Aruco ID 3 detected with distance 2.616190337012373 and yaw angle 0.2662718884407689.
root - INFO - Frame 513: Aruco ID 3 detected with distance 2.6199329722932214 and yaw angle 0.2657572698938346.
root - INFO - Frame 514: Aruco ID 3 detected with distance 2.588031623588547 and yaw angle 0.26778890582733383.
root - INFO - Frame 515: Aruco ID 3 detected with distance 2.510609420829765 and yaw angle 0.27421840670319514.
root - INFO - Frame 516: Aruco ID 3 detected with distance 2.4953501561276954 and yaw angle 0.2891908037197819.
root - INFO - Frame 517: Aruco ID 3 detected with distance 2.465050840507514 and yaw angle 0.3005655614040382.
root - INFO - Frame 518: Aruco ID 3 detected with distance 2.481709295174982 and yaw angle 0.3030948229628113.
root - INFO - Frame 519: Aruco ID 3 detected with distance 2.5324004818618002 and yaw angle 0.3023356545281277.
root - INFO - Frame 520: Aruco ID 3 detected with distance 2.5852052397528236 and yaw angle 0.3045985386202678.
root - INFO - Frame 521: Aruco ID 3 detected with distance 2.4859291808470556 and yaw angle 0.3053353894163645.
root - INFO - Frame 522: Aruco ID 3 detected with distance 2.3930076725159566 and yaw angle 0.3053813860239859.
root - INFO - Frame 523: Aruco ID 3 detected with distance 2.4089964511381416 and yaw angle 0.30738614444985546.
root - INFO - Frame 524: Aruco ID 3 detected with distance 2.4854529975080966 and yaw angle 0.3101423963874726.
root - INFO - Frame 525: Aruco ID 3 detected with distance 2.3758282599251763 and yaw angle 0.3116402914367739.
root - INFO - Frame 526: Aruco ID 3 detected with distance 2.3771445052629407 and yaw angle 0.31263491851120473.
root - INFO - Frame 527: Aruco ID 3 detected with distance 2.3591046271426106 and yaw angle 0.3146339698733308.
root - INFO - Frame 528: Aruco ID 3 detected with distance 2.3730555472061083 and yaw angle 0.3146269208738618.
root - INFO - Frame 529: Aruco ID 3 detected with distance 2.4164981037820237 and yaw angle 0.3093511020571922.
root - INFO - Frame 530: Aruco ID 3 detected with distance 2.359263048943208 and yaw angle 0.30257822293310577.
root - INFO - Frame 531: Aruco ID 3 detected with distance 2.3770258887850257 and yaw angle 0.29755046201242485.
root - INFO - Frame 532: Aruco ID 3 detected with distance 2.3181663619946287 and yaw angle 0.2921733437212718.
root - INFO - Frame 533: Aruco ID 3 detected with distance 2.235080541587326 and yaw angle 0.2919402797860905.
root - INFO - Frame 534: Aruco ID 3 detected with distance 2.3345270159020974 and yaw angle 0.2899462017463399.
root - INFO - Frame 535: Aruco ID 3 detected with distance 2.2820670031973718 and yaw angle 0.2835882712861393.
root - INFO - Frame 536: Aruco ID 3 detected with distance 2.3233009506933344 and yaw angle 0.2721194959281658.
root - INFO - Frame 537: Aruco ID 3 detected with distance 2.2110052697050167 and yaw angle 0.2618564427510185.
root - INFO - Frame 538: Aruco ID 3 detected with distance 2.241954049339602 and yaw angle 0.25235159646537975.
root - INFO - Frame 539: Aruco ID 3 detected with distance 2.270435295207113 and yaw angle 0.2432300347076115.
root - INFO - Frame 540: Aruco ID 3 detected with distance 2.2378645102824217 and yaw angle 0.23703734760101017.
root - INFO - Frame 541: Aruco ID 3 detected with distance 2.1713282436539867 and yaw angle 0.2333580322973483.
root - INFO - Frame 542: Aruco ID 3 detected with distance 2.2199227472450422 and yaw angle 0.22789312416528001.
root - INFO - Frame 543: Aruco ID 3 detected with distance 2.1648103948964406 and yaw angle 0.22136184650752427.
root - INFO - Frame 544: Aruco ID 3 detected with distance 2.2186356155152303 and yaw angle 0.2114233346007234.
root - INFO - Frame 545: Aruco ID 3 detected with distance 2.2004333253663058 and yaw angle 0.20193776317667772.
root - INFO - Frame 546: Aruco ID 3 detected with distance 2.1612146330383504 and yaw angle 0.19320066107948888.
root - INFO - Frame 547: Aruco ID 3 detected with distance 2.0442008828244123 and yaw angle 0.18607764940382052.
root - INFO - Frame 548: Aruco ID 3 detected with distance 2.1495320920963192 and yaw angle 0.18737592439729514.
root - INFO - Frame 549: Aruco ID 3 detected with distance 2.132933732661033 and yaw angle 0.2024401942057479.
root - INFO - Frame 550: Aruco ID 3 detected with distance 2.095998614437542 and yaw angle 0.21060142778544705.
root - INFO - Frame 551: Aruco ID 3 detected with distance 2.0754674029647875 and yaw angle 0.21322873019650754.
root - INFO - Frame 552: Aruco ID 3 detected with distance 2.060182698752959 and yaw angle 0.21194148507258334.
root - INFO - Frame 553: Aruco ID 3 detected with distance 2.035646816169427 and yaw angle 0.212005168539899.
root - INFO - Frame 554: Aruco ID 3 detected with distance 2.0118320403074423 and yaw angle 0.21119671399173648.
root - INFO - Frame 555: Aruco ID 3 detected with distance 2.0206170523547207 and yaw angle 0.21070932810868623.
root - INFO - Frame 556: Aruco ID 3 detected with distance 1.9833322547137828 and yaw angle 0.2104559531871895.
root - INFO - Frame 557: Aruco ID 3 detected with distance 1.9814176876181189 and yaw angle 0.20730648111273373.
root - INFO - Frame 558: Aruco ID 3 detected with distance 1.9772610159495982 and yaw angle 0.20098393909405224.
root - INFO - Frame 559: Aruco ID 3 detected with distance 1.9626037901831221 and yaw angle 0.1893424186186534.
root - INFO - Frame 560: Aruco ID 3 detected with distance 1.95646612148693 and yaw angle 0.17500471287600247.
root - INFO - Frame 609: Aruco ID 3 detected with distance 1.4310908522507961 and yaw angle 0.03588123374399114.
root - INFO - Frame 610: Aruco ID 3 detected with distance 1.4553386955113963 and yaw angle 0.06061745116091251.
root - INFO - Frame 611: Aruco ID 3 detected with distance 1.4354783166444622 and yaw angle 0.0809320092411712.
root - INFO - Frame 612: Aruco ID 3 detected with distance 1.4584613379855738 and yaw angle 0.09905895050621905.
root - INFO - Frame 613: Aruco ID 3 detected with distance 1.4384910535352635 and yaw angle 0.12096344029516885.
root - INFO - Frame 614: Aruco ID 3 detected with distance 1.3951946553104808 and yaw angle 0.14130459981028037.
root - INFO - Frame 615: Aruco ID 3 detected with distance 1.3691275330938275 and yaw angle 0.15896544645291538.
root - INFO - Frame 616: Aruco ID 3 detected with distance 1.3732715932632418 and yaw angle 0.17388124231154725.
root - INFO - Frame 617: Aruco ID 3 detected with distance 1.3336199493720748 and yaw angle 0.1940764120004811.
root - INFO - Frame 618: Aruco ID 3 detected with distance 1.3237448354232586 and yaw angle 0.21379918161054864.
root - INFO - Frame 619: Aruco ID 3 detected with distance 1.3073156086264717 and yaw angle 0.23484315133849948.
root - INFO - Frame 620: Aruco ID 3 detected with distance 1.276792897529757 and yaw angle 0.25590628865798415.
root - INFO - Frame 621: Aruco ID 3 detected with distance 1.2480647211844222 and yaw angle 0.27795751627274967.
root - INFO - Frame 622: Aruco ID 3 detected with distance 1.2556221341046134 and yaw angle 0.30290845181981096.
root - INFO - Frame 623: Aruco ID 3 detected with distance 1.2399459842438778 and yaw angle 0.32962386731907595.
root - INFO - Frame 624: Aruco ID 3 detected with distance 1.2424988652152948 and yaw angle 0.3543759115600219.
root - INFO - Frame 625: Aruco ID 3 detected with distance 1.2249772455003358 and yaw angle 0.37160378400092614.
root - INFO - Frame 769: Aruco ID 10 detected with distance 1.648594873133476 and yaw angle 0.13801423469899035.
root - INFO - Frame 770: Aruco ID 10 detected with distance 1.6886533581319645 and yaw angle 0.1537923799991617.
root - INFO - End of video file reached.
root - INFO - CSV file closed.
root - INFO - Resources released.
